Using pre-set license

 COMMAND LINE ARGUMENTS:
/Applications/2020.3.3f1/Unity.app/Contents/MacOS/Unity
-adb2
-batchMode
-noUpm
-name
AssetImportWorker0
-projectPath
/Users/abedassa/Desktop/Matific/Matific-Task
-logFile
Logs/AssetImportWorker0.log
-srvPort
61635
Successfully changed project path to: /Users/abedassa/Desktop/Matific/Matific-Task
/Users/abedassa/Desktop/Matific/Matific-Task
Using Asset Import Pipeline V2.
Refreshing native plugins compatible for Editor in 46.22 ms, found 2 plugins.
Preloading 0 native plugins for Editor in 0.00 ms.
Initialize engine version: 2020.3.3f1 (76626098c1c4)
[Subsystems] Discovering subsystems at path /Applications/2020.3.3f1/Unity.app/Contents/Resources/UnitySubsystems
[Subsystems] Discovering subsystems at path /Users/abedassa/Desktop/Matific/Matific-Task/Assets
GfxDevice: creating device client; threaded=0
2021-12-05 18:34:53.457 Unity[52626:2678944] DELL P2415Q preferred device: AMD Radeon R9 M370X (high power)
2021-12-05 18:34:53.457 Unity[52626:2678944] Metal devices available: 2
2021-12-05 18:34:53.458 Unity[52626:2678944] 0: AMD Radeon R9 M370X (high power)
2021-12-05 18:34:53.458 Unity[52626:2678944] 1: Intel Iris Pro Graphics (low power)
2021-12-05 18:34:53.458 Unity[52626:2678944] Using device AMD Radeon R9 M370X (high power)
Initializing Metal device caps: AMD Radeon R9 M370X
Initialize mono
Mono path[0] = '/Applications/2020.3.3f1/Unity.app/Contents/Managed'
Mono path[1] = '/Applications/2020.3.3f1/Unity.app/Contents/MonoBleedingEdge/lib/mono/unityjit'
Mono config path = '/Applications/2020.3.3f1/Unity.app/Contents/MonoBleedingEdge/etc'
Using monoOptions --debugger-agent=transport=dt_socket,embedding=1,server=y,suspend=n,address=127.0.0.1:56626
Begin MonoManager ReloadAssembly
Registering precompiled unity dll's ...
Register platform support module: /Applications/2020.3.3f1/PlaybackEngines/WebGLSupport/UnityEditor.WebGL.Extensions.dll
Register platform support module: /Applications/2020.3.3f1/Unity.app/Contents/PlaybackEngines/MacStandaloneSupport/UnityEditor.OSXStandalone.Extensions.dll
Register platform support module: /Applications/2020.3.3f1/PlaybackEngines/WindowsStandaloneSupport/UnityEditor.WindowsStandalone.Extensions.dll
Registered in 0.003291 seconds.
Native extension for WindowsStandalone target not found
Native extension for OSXStandalone target not found
Native extension for WebGL target not found
Refreshing native plugins compatible for Editor in 42.67 ms, found 2 plugins.
Preloading 0 native plugins for Editor in 0.00 ms.
Invoked RoslynAnalysisRunner static constructor.
RoslynAnalysisRunner will not be running.
RoslynAnalysisRunner has terminated.
Mono: successfully reloaded assembly
- Completed reload, in  4.430 seconds
Platform modules already initialized, skipping
Registering precompiled user dll's ...
Registered in 0.001523 seconds.
Begin MonoManager ReloadAssembly
Native extension for WindowsStandalone target not found
Native extension for OSXStandalone target not found
Native extension for WebGL target not found
Refreshing native plugins compatible for Editor in 40.91 ms, found 2 plugins.
Preloading 0 native plugins for Editor in 0.00 ms.
Invoked RoslynAnalysisRunner static constructor.
RoslynAnalysisRunner will not be running.
RoslynAnalysisRunner has terminated.
Mono: successfully reloaded assembly
- Completed reload, in  1.213 seconds
Platform modules already initialized, skipping
========================================================================
Worker process is ready to serve import requests
Launching external process: /Applications/2020.3.3f1/Unity.app/Contents/Tools/UnityShaderCompiler
Launched and connected shader compiler UnityShaderCompiler after 0.02 seconds
Refreshing native plugins compatible for Editor in 0.42 ms, found 2 plugins.
Preloading 0 native plugins for Editor in 0.00 ms.
Unloading 1840 Unused Serialized files (Serialized files now loaded: 0)
System memory in use before: 153.8 MB.
System memory in use after: 153.8 MB.

Unloading 24 unused Assets to reduce memory usage. Loaded Objects now: 2284.
Total: 3.157698 ms (FindLiveObjects: 0.394689 ms CreateObjectMapping: 0.147987 ms MarkObjects: 2.448829 ms  DeleteObjects: 0.165118 ms)

========================================================================
Received Import Request.
  path: Assets/ScriptableObject/Custom/Eyes.asset
  artifactKey: Guid(81948a0cf5936427eaca4ece6bcf07ba) Importer(815301076,1909f56bfc062723c751e8b465ee728b)
Start importing Assets/ScriptableObject/Custom/Eyes.asset using Guid(81948a0cf5936427eaca4ece6bcf07ba) Importer(815301076,1909f56bfc062723c751e8b465ee728b)  -> (artifact id: 'ca4316c6d8301002a8e1a74176f80d5c') in 0.971308 seconds
  Import took 0.975275 seconds .

========================================================================
Received Prepare
Registering precompiled user dll's ...
Registered in 0.001867 seconds.
Begin MonoManager ReloadAssembly
Native extension for WindowsStandalone target not found
Native extension for OSXStandalone target not found
Native extension for WebGL target not found
Refreshing native plugins compatible for Editor in 0.42 ms, found 2 plugins.
Preloading 0 native plugins for Editor in 0.00 ms.
Invoked RoslynAnalysisRunner static constructor.
RoslynAnalysisRunner will not be running.
RoslynAnalysisRunner has terminated.
Mono: successfully reloaded assembly
- Completed reload, in  1.113 seconds
Platform modules already initialized, skipping
Refreshing native plugins compatible for Editor in 0.42 ms, found 2 plugins.
Preloading 0 native plugins for Editor in 0.00 ms.
Unloading 1822 Unused Serialized files (Serialized files now loaded: 0)
System memory in use before: 157.0 MB.
System memory in use after: 157.0 MB.

Unloading 12 unused Assets to reduce memory usage. Loaded Objects now: 2288.
Total: 4.136164 ms (FindLiveObjects: 0.401782 ms CreateObjectMapping: 0.132556 ms MarkObjects: 3.453185 ms  DeleteObjects: 0.146844 ms)

