Using pre-set license

 COMMAND LINE ARGUMENTS:
/Applications/2020.3.3f1/Unity.app/Contents/MacOS/Unity
-adb2
-batchMode
-noUpm
-name
AssetImportWorker0
-projectPath
/Users/abedassa/Desktop/Matific/Matific-Task
-logFile
Logs/AssetImportWorker0.log
-srvPort
62234
Successfully changed project path to: /Users/abedassa/Desktop/Matific/Matific-Task
/Users/abedassa/Desktop/Matific/Matific-Task
Using Asset Import Pipeline V2.
Refreshing native plugins compatible for Editor in 53.84 ms, found 2 plugins.
Preloading 0 native plugins for Editor in 0.00 ms.
Initialize engine version: 2020.3.3f1 (76626098c1c4)
[Subsystems] Discovering subsystems at path /Applications/2020.3.3f1/Unity.app/Contents/Resources/UnitySubsystems
[Subsystems] Discovering subsystems at path /Users/abedassa/Desktop/Matific/Matific-Task/Assets
GfxDevice: creating device client; threaded=0
2021-12-05 18:39:23.997 Unity[52699:2682759] DELL P2415Q preferred device: AMD Radeon R9 M370X (high power)
2021-12-05 18:39:23.997 Unity[52699:2682759] Metal devices available: 2
2021-12-05 18:39:23.997 Unity[52699:2682759] 0: AMD Radeon R9 M370X (high power)
2021-12-05 18:39:23.997 Unity[52699:2682759] 1: Intel Iris Pro Graphics (low power)
2021-12-05 18:39:23.998 Unity[52699:2682759] Using device AMD Radeon R9 M370X (high power)
Initializing Metal device caps: AMD Radeon R9 M370X
Initialize mono
Mono path[0] = '/Applications/2020.3.3f1/Unity.app/Contents/Managed'
Mono path[1] = '/Applications/2020.3.3f1/Unity.app/Contents/MonoBleedingEdge/lib/mono/unityjit'
Mono config path = '/Applications/2020.3.3f1/Unity.app/Contents/MonoBleedingEdge/etc'
Using monoOptions --debugger-agent=transport=dt_socket,embedding=1,server=y,suspend=n,address=127.0.0.1:56699
Begin MonoManager ReloadAssembly
Registering precompiled unity dll's ...
Register platform support module: /Applications/2020.3.3f1/PlaybackEngines/WebGLSupport/UnityEditor.WebGL.Extensions.dll
Register platform support module: /Applications/2020.3.3f1/Unity.app/Contents/PlaybackEngines/MacStandaloneSupport/UnityEditor.OSXStandalone.Extensions.dll
Register platform support module: /Applications/2020.3.3f1/PlaybackEngines/WindowsStandaloneSupport/UnityEditor.WindowsStandalone.Extensions.dll
Registered in 0.001035 seconds.
Native extension for WindowsStandalone target not found
Native extension for OSXStandalone target not found
Native extension for WebGL target not found
Refreshing native plugins compatible for Editor in 44.38 ms, found 2 plugins.
Preloading 0 native plugins for Editor in 0.00 ms.
Invoked RoslynAnalysisRunner static constructor.
RoslynAnalysisRunner will not be running.
RoslynAnalysisRunner has terminated.
Mono: successfully reloaded assembly
- Completed reload, in  3.633 seconds
Platform modules already initialized, skipping
Registering precompiled user dll's ...
Registered in 0.000684 seconds.
Begin MonoManager ReloadAssembly
Native extension for WindowsStandalone target not found
Native extension for OSXStandalone target not found
Native extension for WebGL target not found
Refreshing native plugins compatible for Editor in 42.86 ms, found 2 plugins.
Preloading 0 native plugins for Editor in 0.00 ms.
Invoked RoslynAnalysisRunner static constructor.
RoslynAnalysisRunner will not be running.
RoslynAnalysisRunner has terminated.
Mono: successfully reloaded assembly
- Completed reload, in  1.278 seconds
Platform modules already initialized, skipping
========================================================================
Worker process is ready to serve import requests
Launching external process: /Applications/2020.3.3f1/Unity.app/Contents/Tools/UnityShaderCompiler
Launched and connected shader compiler UnityShaderCompiler after 0.01 seconds
Refreshing native plugins compatible for Editor in 0.38 ms, found 2 plugins.
Preloading 0 native plugins for Editor in 0.00 ms.
Unloading 1840 Unused Serialized files (Serialized files now loaded: 0)
System memory in use before: 153.9 MB.
System memory in use after: 153.9 MB.

Unloading 24 unused Assets to reduce memory usage. Loaded Objects now: 2284.
Total: 3.158566 ms (FindLiveObjects: 0.359206 ms CreateObjectMapping: 0.081837 ms MarkObjects: 2.556998 ms  DeleteObjects: 0.159332 ms)

========================================================================
Received Import Request.
  path: Assets/Scripts/LevelManager.cs
  artifactKey: Guid(10af9ec73bfde44639b15067b0451645) Importer(815301076,1909f56bfc062723c751e8b465ee728b)
Start importing Assets/Scripts/LevelManager.cs using Guid(10af9ec73bfde44639b15067b0451645) Importer(815301076,1909f56bfc062723c751e8b465ee728b)  -> (artifact id: 'a9053d3dd5c9dec7191f2da522248384') in 0.319638 seconds
  Import took 0.323703 seconds .

========================================================================
Received Prepare
Registering precompiled user dll's ...
Registered in 0.000689 seconds.
Begin MonoManager ReloadAssembly
Native extension for WindowsStandalone target not found
Native extension for OSXStandalone target not found
Native extension for WebGL target not found
Refreshing native plugins compatible for Editor in 0.42 ms, found 2 plugins.
Preloading 0 native plugins for Editor in 0.00 ms.
Invoked RoslynAnalysisRunner static constructor.
RoslynAnalysisRunner will not be running.
RoslynAnalysisRunner has terminated.
Mono: successfully reloaded assembly
- Completed reload, in  1.196 seconds
Platform modules already initialized, skipping
Refreshing native plugins compatible for Editor in 0.40 ms, found 2 plugins.
Preloading 0 native plugins for Editor in 0.00 ms.
Unloading 1822 Unused Serialized files (Serialized files now loaded: 0)
System memory in use before: 157.3 MB.
System memory in use after: 157.2 MB.

Unloading 12 unused Assets to reduce memory usage. Loaded Objects now: 2288.
Total: 2.304803 ms (FindLiveObjects: 0.240112 ms CreateObjectMapping: 0.069997 ms MarkObjects: 1.883404 ms  DeleteObjects: 0.110212 ms)

========================================================================
Received Import Request.
  Time since last request: 3.354389 seconds.
  path: Assets/CharacterCustomController.cs
  artifactKey: Guid(2cbbfe3f25f97422ebc42c181a8a434a) Importer(815301076,1909f56bfc062723c751e8b465ee728b)
Start importing Assets/CharacterCustomController.cs using Guid(2cbbfe3f25f97422ebc42c181a8a434a) Importer(815301076,1909f56bfc062723c751e8b465ee728b)  -> (artifact id: 'e204313240b07e9dcc8c7d24dd210096') in 0.006250 seconds
  Import took 0.011495 seconds .

========================================================================
Received Import Request.
  Time since last request: 0.534700 seconds.
  path: Assets/CutOut.cs
  artifactKey: Guid(8bbd23656bed64a908c5a535a4bb6bca) Importer(815301076,1909f56bfc062723c751e8b465ee728b)
Start importing Assets/CutOut.cs using Guid(8bbd23656bed64a908c5a535a4bb6bca) Importer(815301076,1909f56bfc062723c751e8b465ee728b)  -> (artifact id: 'd3e7dc7c5f30c0104133f8780eedcbe0') in 0.002282 seconds
  Import took 0.006452 seconds .

========================================================================
Received Prepare
Registering precompiled user dll's ...
Registered in 0.001422 seconds.
Begin MonoManager ReloadAssembly
Native extension for WindowsStandalone target not found
Native extension for OSXStandalone target not found
Native extension for WebGL target not found
Refreshing native plugins compatible for Editor in 0.39 ms, found 2 plugins.
Preloading 0 native plugins for Editor in 0.00 ms.
Invoked RoslynAnalysisRunner static constructor.
RoslynAnalysisRunner will not be running.
RoslynAnalysisRunner has terminated.
Mono: successfully reloaded assembly
- Completed reload, in  1.172 seconds
Platform modules already initialized, skipping
Refreshing native plugins compatible for Editor in 0.41 ms, found 2 plugins.
Preloading 0 native plugins for Editor in 0.00 ms.
Unloading 1822 Unused Serialized files (Serialized files now loaded: 0)
System memory in use before: 157.4 MB.
System memory in use after: 157.4 MB.

Unloading 12 unused Assets to reduce memory usage. Loaded Objects now: 2292.
Total: 2.925220 ms (FindLiveObjects: 0.317045 ms CreateObjectMapping: 0.156343 ms MarkObjects: 2.334676 ms  DeleteObjects: 0.116103 ms)

========================================================================
Received Prepare
Registering precompiled user dll's ...
Registered in 0.000673 seconds.
Begin MonoManager ReloadAssembly
Native extension for WindowsStandalone target not found
Native extension for OSXStandalone target not found
Native extension for WebGL target not found
Refreshing native plugins compatible for Editor in 0.40 ms, found 2 plugins.
Preloading 0 native plugins for Editor in 0.00 ms.
Invoked RoslynAnalysisRunner static constructor.
RoslynAnalysisRunner will not be running.
RoslynAnalysisRunner has terminated.
Mono: successfully reloaded assembly
- Completed reload, in  1.149 seconds
Platform modules already initialized, skipping
Refreshing native plugins compatible for Editor in 0.41 ms, found 2 plugins.
Preloading 0 native plugins for Editor in 0.00 ms.
Unloading 1822 Unused Serialized files (Serialized files now loaded: 0)
System memory in use before: 157.6 MB.
System memory in use after: 157.6 MB.

Unloading 12 unused Assets to reduce memory usage. Loaded Objects now: 2296.
Total: 3.263052 ms (FindLiveObjects: 0.325727 ms CreateObjectMapping: 0.152551 ms MarkObjects: 2.660332 ms  DeleteObjects: 0.123152 ms)

========================================================================
Received Import Request.
  Time since last request: 11.512065 seconds.
  path: Assets/Fonts/LilitaOne-Regular SDF-4.asset
  artifactKey: Guid(d6d9c6053f66d4caaaab2fdd4f6e7dbe) Importer(815301076,1909f56bfc062723c751e8b465ee728b)
Start importing Assets/Fonts/LilitaOne-Regular SDF-4.asset using Guid(d6d9c6053f66d4caaaab2fdd4f6e7dbe) Importer(815301076,1909f56bfc062723c751e8b465ee728b)  -> (artifact id: '544fcb1080359b5742b49778805ceffc') in 1.024374 seconds
  Import took 1.029343 seconds .

========================================================================
Received Prepare
Registering precompiled user dll's ...
Registered in 0.002612 seconds.
Begin MonoManager ReloadAssembly
Native extension for WindowsStandalone target not found
Native extension for OSXStandalone target not found
Native extension for WebGL target not found
Refreshing native plugins compatible for Editor in 0.40 ms, found 2 plugins.
Preloading 0 native plugins for Editor in 0.00 ms.
Invoked RoslynAnalysisRunner static constructor.
RoslynAnalysisRunner will not be running.
RoslynAnalysisRunner has terminated.
Mono: successfully reloaded assembly
- Completed reload, in  1.087 seconds
Platform modules already initialized, skipping
Refreshing native plugins compatible for Editor in 0.39 ms, found 2 plugins.
Preloading 0 native plugins for Editor in 0.00 ms.
Unloading 1822 Unused Serialized files (Serialized files now loaded: 0)
System memory in use before: 166.0 MB.
System memory in use after: 165.9 MB.

Unloading 12 unused Assets to reduce memory usage. Loaded Objects now: 2343.
Total: 2.501014 ms (FindLiveObjects: 0.237700 ms CreateObjectMapping: 0.073148 ms MarkObjects: 2.072495 ms  DeleteObjects: 0.116089 ms)

